<?xml version="1.0" encoding="UTF-8"?>
<!-- Generated by org.testng.reporters.JUnitXMLReporter -->
<testsuite ignored="0" hostname="DESKTOP-E71253M" failures="0" tests="13" name="Surefire test" time="23.535" errors="0" timestamp="2024-01-13T15:26:26 IST">
  <testcase classname="api.test.DDTests" name="testPostUser" time="3.2"/>
  <testcase classname="api.test.DDTests" name="testPostUser" time="1.496"/>
  <testcase classname="api.test.DDTests" name="testPostUser" time="1.547"/>
  <testcase classname="api.test.DDTests" name="getUser" time="1.617"/>
  <testcase classname="api.test.DDTests" name="getUser" time="1.48"/>
  <testcase classname="api.test.DDTests" name="getUser" time="1.436"/>
  <testcase classname="api.test.DDTests" name="deleteUserByName" time="1.348"/>
  <testcase classname="api.test.DDTests" name="deleteUserByName" time="1.537"/>
  <testcase classname="api.test.DDTests" name="deleteUserByName" time="1.534"/>
  <testcase classname="api.test.UserTests" name="testPostUser" time="1.428"/>
  <testcase classname="api.test.UserTests" name="getUser" time="1.532"/>
  <testcase classname="api.test.UserTests" name="updateUser" time="1.466"/>
  <testcase classname="api.test.UserTests" name="deleteUser" time="1.502"/>
</testsuite> <!-- Surefire test -->
