<?xml version="1.0" encoding="UTF-8"?>
<testng-results ignored="0" total="4" passed="4" failed="0" skipped="0">
  <reporter-output>
  </reporter-output>
  <suite started-at="2024-01-13T16:19:25 IST" name="PetSuite" finished-at="2024-01-13T16:19:33 IST" duration-ms="7802">
    <groups>
    </groups>
    <test started-at="2024-01-13T16:19:25 IST" name="PetTest" finished-at="2024-01-13T16:19:33 IST" duration-ms="7802">
      <class name="api.test.UserTests2">
        <test-method is-config="true" signature="dataSetUP()[pri:0, instance:api.test.UserTests2@3d680b5a]" started-at="2024-01-13T16:19:26 IST" name="dataSetUP" finished-at="2024-01-13T16:19:26 IST" duration-ms="737" status="PASS">
          <reporter-output>
          </reporter-output>
        </test-method> <!-- dataSetUP -->
        <test-method signature="testPostUser()[pri:0, instance:api.test.UserTests2@3d680b5a]" started-at="2024-01-13T16:19:26 IST" name="testPostUser" finished-at="2024-01-13T16:19:29 IST" duration-ms="3110" status="PASS">
          <reporter-output>
          </reporter-output>
        </test-method> <!-- testPostUser -->
        <test-method signature="getUser()[pri:1, instance:api.test.UserTests2@3d680b5a]" started-at="2024-01-13T16:19:29 IST" name="getUser" finished-at="2024-01-13T16:19:30 IST" depends-on-methods="api.test.UserTests2.testPostUser" duration-ms="1074" status="PASS">
          <reporter-output>
          </reporter-output>
        </test-method> <!-- getUser -->
        <test-method signature="updateUser()[pri:2, instance:api.test.UserTests2@3d680b5a]" started-at="2024-01-13T16:19:30 IST" name="updateUser" finished-at="2024-01-13T16:19:32 IST" depends-on-methods="api.test.UserTests2.getUser" duration-ms="1240" status="PASS">
          <reporter-output>
          </reporter-output>
        </test-method> <!-- updateUser -->
        <test-method signature="deleteUser()[pri:3, instance:api.test.UserTests2@3d680b5a]" started-at="2024-01-13T16:19:32 IST" name="deleteUser" finished-at="2024-01-13T16:19:33 IST" depends-on-methods="api.test.UserTests2.updateUser" duration-ms="1381" status="PASS">
          <reporter-output>
          </reporter-output>
        </test-method> <!-- deleteUser -->
      </class> <!-- api.test.UserTests2 -->
    </test> <!-- PetTest -->
  </suite> <!-- PetSuite -->
</testng-results>
