<?xml version="1.0" encoding="UTF-8"?>
<testng-results ignored="0" total="4" passed="4" failed="0" skipped="0">
  <reporter-output>
  </reporter-output>
  <suite started-at="2024-01-13T14:49:08 IST" name="PetSuite" finished-at="2024-01-13T14:49:17 IST" duration-ms="8625">
    <groups>
    </groups>
    <test started-at="2024-01-13T14:49:08 IST" name="PetTest" finished-at="2024-01-13T14:49:17 IST" duration-ms="8625">
      <class name="api.test.UserTests2">
        <test-method is-config="true" signature="dataSetUP()[pri:0, instance:api.test.UserTests2@7b9a4292]" started-at="2024-01-13T14:49:09 IST" name="dataSetUP" finished-at="2024-01-13T14:49:09 IST" duration-ms="749" status="PASS">
          <reporter-output>
          </reporter-output>
        </test-method> <!-- dataSetUP -->
        <test-method signature="testPostUser()[pri:0, instance:api.test.UserTests2@7b9a4292]" started-at="2024-01-13T14:49:09 IST" name="testPostUser" finished-at="2024-01-13T14:49:12 IST" duration-ms="3021" status="PASS">
          <reporter-output>
          </reporter-output>
        </test-method> <!-- testPostUser -->
        <test-method signature="getUser()[pri:1, instance:api.test.UserTests2@7b9a4292]" started-at="2024-01-13T14:49:12 IST" name="getUser" finished-at="2024-01-13T14:49:14 IST" depends-on-methods="api.test.UserTests2.testPostUser" duration-ms="1498" status="PASS">
          <reporter-output>
          </reporter-output>
        </test-method> <!-- getUser -->
        <test-method signature="updateUser()[pri:2, instance:api.test.UserTests2@7b9a4292]" started-at="2024-01-13T14:49:14 IST" name="updateUser" finished-at="2024-01-13T14:49:15 IST" depends-on-methods="api.test.UserTests2.getUser" duration-ms="1567" status="PASS">
          <reporter-output>
          </reporter-output>
        </test-method> <!-- updateUser -->
        <test-method signature="deleteUser()[pri:3, instance:api.test.UserTests2@7b9a4292]" started-at="2024-01-13T14:49:15 IST" name="deleteUser" finished-at="2024-01-13T14:49:17 IST" depends-on-methods="api.test.UserTests2.updateUser" duration-ms="1498" status="PASS">
          <reporter-output>
          </reporter-output>
        </test-method> <!-- deleteUser -->
      </class> <!-- api.test.UserTests2 -->
    </test> <!-- PetTest -->
  </suite> <!-- PetSuite -->
</testng-results>
