<?xml version="1.0" encoding="UTF-8"?>
<!-- Generated by org.testng.reporters.JUnitXMLReporter -->
<testsuite ignored="0" hostname="DESKTOP-E71253M" failures="0" tests="4" name="PetTest" time="7.802" errors="0" timestamp="2024-01-13T16:19:33 IST">
  <testcase classname="api.test.UserTests2" name="testPostUser" time="3.11"/>
  <testcase classname="api.test.UserTests2" name="getUser" time="1.074"/>
  <testcase classname="api.test.UserTests2" name="updateUser" time="1.24"/>
  <testcase classname="api.test.UserTests2" name="deleteUser" time="1.381"/>
</testsuite> <!-- PetTest -->
