<?xml version="1.0" encoding="UTF-8"?>
<!-- Generated by org.testng.reporters.JUnitXMLReporter -->
<testsuite ignored="0" hostname="DESKTOP-E71253M" failures="0" tests="4" name="PetTest" time="8.625" errors="0" timestamp="2024-01-13T14:49:17 IST">
  <testcase classname="api.test.UserTests2" name="testPostUser" time="3.021"/>
  <testcase classname="api.test.UserTests2" name="getUser" time="1.498"/>
  <testcase classname="api.test.UserTests2" name="updateUser" time="1.567"/>
  <testcase classname="api.test.UserTests2" name="deleteUser" time="1.498"/>
</testsuite> <!-- PetTest -->
